Using pre-set license
Built from '2022.3/release' branch; Version is '2022.3.5f1 (9674261d40ee) revision 9860134'; Using compiler version '192829333'; Build Type 'Release'
OS: 'Windows 11  (10.0.22631) 64bit Core' Language: 'en' Physical Memory: 15988 MB
BatchMode: 1, IsHumanControllingUs: 0, StartBugReporterOnCrash: 0, Is64bit: 1, IsPro: 1

COMMAND LINE ARGUMENTS:
C:\Program Files\Unity 2022.3.5f1\Editor\Unity.exe
-adb2
-batchMode
-noUpm
-name
AssetImportWorker0
-projectPath
C:/Users/J/OneDrive/Documents/Unity/Unity/Projects/GamJamsM/SpaceGame/SpaceGameJAM
-logFile
Logs/AssetImportWorker0.log
-srvPort
52711
Successfully changed project path to: C:/Users/J/OneDrive/Documents/Unity/Unity/Projects/GamJamsM/SpaceGame/SpaceGameJAM
C:/Users/J/OneDrive/Documents/Unity/Unity/Projects/GamJamsM/SpaceGame/SpaceGameJAM
[UnityMemory] Configuration Parameters - Can be set up in boot.config
    "memorysetup-bucket-allocator-granularity=16"
    "memorysetup-bucket-allocator-bucket-count=8"
    "memorysetup-bucket-allocator-block-size=33554432"
    "memorysetup-bucket-allocator-block-count=8"
    "memorysetup-main-allocator-block-size=16777216"
    "memorysetup-thread-allocator-block-size=16777216"
    "memorysetup-gfx-main-allocator-block-size=16777216"
    "memorysetup-gfx-thread-allocator-block-size=16777216"
    "memorysetup-cache-allocator-block-size=4194304"
    "memorysetup-typetree-allocator-block-size=2097152"
    "memorysetup-profiler-bucket-allocator-granularity=16"
    "memorysetup-profiler-bucket-allocator-bucket-count=8"
    "memorysetup-profiler-bucket-allocator-block-size=33554432"
    "memorysetup-profiler-bucket-allocator-block-count=8"
    "memorysetup-profiler-allocator-block-size=16777216"
    "memorysetup-profiler-editor-allocator-block-size=1048576"
    "memorysetup-temp-allocator-size-main=16777216"
    "memorysetup-job-temp-allocator-block-size=2097152"
    "memorysetup-job-temp-allocator-block-size-background=1048576"
    "memorysetup-job-temp-allocator-reduction-small-platforms=262144"
    "memorysetup-allocator-temp-initial-block-size-main=262144"
    "memorysetup-allocator-temp-initial-block-size-worker=262144"
    "memorysetup-temp-allocator-size-background-worker=32768"
    "memorysetup-temp-allocator-size-job-worker=262144"
    "memorysetup-temp-allocator-size-preload-manager=33554432"
    "memorysetup-temp-allocator-size-nav-mesh-worker=65536"
    "memorysetup-temp-allocator-size-audio-worker=65536"
    "memorysetup-temp-allocator-size-cloud-worker=32768"
    "memorysetup-temp-allocator-size-gi-baking-worker=262144"
    "memorysetup-temp-allocator-size-gfx=262144"
Player connection [19464] Host "[IP] 192.168.142.76 [Port] 0 [Flags] 2 [Guid] 3310700882 [EditorId] 3310700882 [Version] 1048832 [Id] WindowsEditor(7,DESKTOP-774H1EV) [Debug] 1 [PackageName] WindowsEditor [ProjectName] Editor" joined multi-casting on [225.0.0.222:54997]...

Player connection [19464] Host "[IP] 192.168.142.76 [Port] 0 [Flags] 2 [Guid] 3310700882 [EditorId] 3310700882 [Version] 1048832 [Id] WindowsEditor(7,DESKTOP-774H1EV) [Debug] 1 [PackageName] WindowsEditor [ProjectName] Editor" joined alternative multi-casting on [225.0.0.222:34997]...

Refreshing native plugins compatible for Editor in 27.56 ms, found 3 plugins.
Preloading 0 native plugins for Editor in 0.00 ms.
Initialize engine version: 2022.3.5f1 (9674261d40ee)
[Subsystems] Discovering subsystems at path C:/Program Files/Unity 2022.3.5f1/Editor/Data/Resources/UnitySubsystems
[Subsystems] Discovering subsystems at path C:/Users/J/OneDrive/Documents/Unity/Unity/Projects/GamJamsM/SpaceGame/SpaceGameJAM/Assets
GfxDevice: creating device client; threaded=0; jobified=0
Direct3D:
    Version:  Direct3D 11.0 [level 11.1]
    Renderer: Intel(R) Iris(R) Xe Graphics (ID=0x46a6)
    Vendor:   Intel
    VRAM:     7994 MB
    Driver:   31.0.101.5186
Initialize mono
Mono path[0] = 'C:/Program Files/Unity 2022.3.5f1/Editor/Data/Managed'
Mono path[1] = 'C:/Program Files/Unity 2022.3.5f1/Editor/Data/MonoBleedingEdge/lib/mono/unityjit-win32'
Mono config path = 'C:/Program Files/Unity 2022.3.5f1/Editor/Data/MonoBleedingEdge/etc'
Using monoOptions --debugger-agent=transport=dt_socket,embedding=1,server=y,suspend=n,address=127.0.0.1:56720
Begin MonoManager ReloadAssembly
Registering precompiled unity dll's ...
Register platform support module: C:/Program Files/Unity 2022.3.5f1/Editor/Data/PlaybackEngines/WindowsStandaloneSupport/UnityEditor.WindowsStandalone.Extensions.dll
Registered in 0.017061 seconds.
- Loaded All Assemblies, in  0.769 seconds
Native extension for WindowsStandalone target not found
Mono: successfully reloaded assembly
- Finished resetting the current domain, in  0.463 seconds
Domain Reload Profiling: 1231ms
	BeginReloadAssembly (318ms)
		ExecutionOrderSort (0ms)
		DisableScriptedObjects (0ms)
		BackupInstance (0ms)
		ReleaseScriptingObjects (0ms)
		CreateAndSetChildDomain (3ms)
	RebuildCommonClasses (55ms)
	RebuildNativeTypeToScriptingClass (12ms)
	initialDomainReloadingComplete (124ms)
	LoadAllAssembliesAndSetupDomain (257ms)
		LoadAssemblies (309ms)
		RebuildTransferFunctionScriptingTraits (0ms)
		AnalyzeDomain (245ms)
			TypeCache.Refresh (243ms)
				TypeCache.ScanAssembly (211ms)
			ScanForSourceGeneratedMonoScriptInfo (1ms)
			ResolveRequiredComponents (1ms)
	FinalizeReload (465ms)
		ReleaseScriptCaches (0ms)
		RebuildScriptCaches (0ms)
		SetupLoadedEditorAssemblies (368ms)
			LogAssemblyErrors (0ms)
			InitializePlatformSupportModulesInManaged (17ms)
			SetLoadedEditorAssemblies (17ms)
			RefreshPlugins (0ms)
			BeforeProcessingInitializeOnLoad (6ms)
			ProcessInitializeOnLoadAttributes (247ms)
			ProcessInitializeOnLoadMethodAttributes (81ms)
			AfterProcessingInitializeOnLoad (0ms)
			EditorAssembliesLoaded (1ms)
		ExecutionOrderSort2 (0ms)
		AwakeInstancesAfterBackupRestoration (0ms)
========================================================================
Worker process is ready to serve import requests
Begin MonoManager ReloadAssembly
Symbol file LoadedFromMemory doesn't match image C:\Users\J\OneDrive\Documents\Unity\Unity\Projects\GamJamsM\SpaceGame\SpaceGameJAM\Library\PackageCache\com.unity.visualscripting@1.8.0\Editor\VisualScripting.Core\Dependencies\YamlDotNet\Unity.VisualScripting.YamlDotNet.dll
Symbol file LoadedFromMemory doesn't match image C:\Users\J\OneDrive\Documents\Unity\Unity\Projects\GamJamsM\SpaceGame\SpaceGameJAM\Library\PackageCache\com.unity.visualscripting@1.8.0\Editor\VisualScripting.Core\Dependencies\DotNetZip\Unity.VisualScripting.IonicZip.dll
- Loaded All Assemblies, in  1.142 seconds
Refreshing native plugins compatible for Editor in 5.04 ms, found 3 plugins.
Native extension for WindowsStandalone target not found
Package Manager log level set to [2]
[Package Manager] Server::EnsureServerProcessIsRunning -- launch failed, reason: Unity was launched with the -noUpm command-line argument
[Package Manager] UpmClient::Send -- Unable to send message (not connected to UPM process).
[Package Manager] Cannot connect to Unity Package Manager local server
Mono: successfully reloaded assembly
- Finished resetting the current domain, in  1.010 seconds
Domain Reload Profiling: 2138ms
	BeginReloadAssembly (169ms)
		ExecutionOrderSort (0ms)
		DisableScriptedObjects (5ms)
		BackupInstance (0ms)
		ReleaseScriptingObjects (0ms)
		CreateAndSetChildDomain (23ms)
	RebuildCommonClasses (45ms)
	RebuildNativeTypeToScriptingClass (12ms)
	initialDomainReloadingComplete (56ms)
	LoadAllAssembliesAndSetupDomain (844ms)
		LoadAssemblies (530ms)
		RebuildTransferFunctionScriptingTraits (0ms)
		AnalyzeDomain (405ms)
			TypeCache.Refresh (383ms)
				TypeCache.ScanAssembly (369ms)
			ScanForSourceGeneratedMonoScriptInfo (17ms)
			ResolveRequiredComponents (5ms)
	FinalizeReload (1011ms)
		ReleaseScriptCaches (0ms)
		RebuildScriptCaches (0ms)
		SetupLoadedEditorAssemblies (800ms)
			LogAssemblyErrors (0ms)
			InitializePlatformSupportModulesInManaged (7ms)
			SetLoadedEditorAssemblies (6ms)
			RefreshPlugins (0ms)
			BeforeProcessingInitializeOnLoad (75ms)
			ProcessInitializeOnLoadAttributes (681ms)
			ProcessInitializeOnLoadMethodAttributes (21ms)
			AfterProcessingInitializeOnLoad (9ms)
			EditorAssembliesLoaded (0ms)
		ExecutionOrderSort2 (0ms)
		AwakeInstancesAfterBackupRestoration (11ms)
Launched and connected shader compiler UnityShaderCompiler.exe after 0.20 seconds
Refreshing native plugins compatible for Editor in 5.14 ms, found 3 plugins.
Preloading 0 native plugins for Editor in 0.00 ms.
Unloading 3083 Unused Serialized files (Serialized files now loaded: 0)
Unloading 31 unused Assets / (56.3 KB). Loaded Objects now: 3548.
Memory consumption went from 117.2 MB to 117.1 MB.
Total: 3.900000 ms (FindLiveObjects: 0.221900 ms CreateObjectMapping: 0.109400 ms MarkObjects: 3.450500 ms  DeleteObjects: 0.116700 ms)

AssetImportParameters requested are different than current active one (requested -> active):
  custom:container-demuxer-ogg: 62fdf1f143b41e24485cea50d1cbac27 -> 
  custom:video-codec-MediaFoundation-h265: 746d11721c4dcdbdad8f713fa42b33f4 -> 
  custom:video-decoder-ogg-theora: a1e56fd34408186e4bbccfd4996cb3dc -> 
  custom:framework-win-MediaFoundation: 216162199b28c13a410421893ffa2e32 -> 
  custom:CustomObjectIndexerAttribute: 756ad292c208cfabdd7b50bc23989ffe -> 
  custom:container-demuxer-webm: 4f35f7cbe854078d1ac9338744f61a02 -> 
  custom:container-muxer-webm: aa71ff27fc2769a1b78a27578f13a17b -> 
  custom:video-decoder-webm-vp8: 9c59270c3fd7afecdb556c50c9e8de78 -> 
  custom:AudioImporter_EditorPlatform: d09bf68614088b80899f8185d706f6e7 -> 
  custom:video-encoder-webm-vp8: eb34c28f22e8b96e1ab97ce403110664 -> 
  custom:audio-decoder-ogg-vorbis: bf7c407c2cedff20999df2af8eb42d56 -> 
  custom:audio-encoder-webm-vorbis: bf7c407c2cedff20999df2af8eb42d56 -> 
========================================================================
Received Import Request.
  Time since last request: 2050.425665 seconds.
  path: Assets/Store
  artifactKey: Guid(2d41fd0bbf815b147af242fa12ad3146) Importer(815301076,1909f56bfc062723c751e8b465ee728b)
Start importing Assets/Store using Guid(2d41fd0bbf815b147af242fa12ad3146) Importer(815301076,1909f56bfc062723c751e8b465ee728b)  -> (artifact id: 'bb6b7d4dea952040734394e3325fe4a8') in 0.003962 seconds
Number of updated asset objects reloaded before import = 0
Number of asset objects unloaded after import = 0
========================================================================
Received Import Request.
  Time since last request: 34.614266 seconds.
  path: Assets/Store/FireFireWeapon/LightMG
  artifactKey: Guid(f2be344425dcd154b91b613e04cbd1e5) Importer(815301076,1909f56bfc062723c751e8b465ee728b)
Start importing Assets/Store/FireFireWeapon/LightMG using Guid(f2be344425dcd154b91b613e04cbd1e5) Importer(815301076,1909f56bfc062723c751e8b465ee728b)  -> (artifact id: '68a31461e91919b87427304cd929d6cf') in 0.003038 seconds
Number of updated asset objects reloaded before import = 0
Number of asset objects unloaded after import = 0
========================================================================
Received Import Request.
  Time since last request: 1.570404 seconds.
  path: Assets/Store/FireFireWeapon/LightMG/Pistol30
  artifactKey: Guid(882ee8b5de8f2c34c824de47fccace60) Importer(815301076,1909f56bfc062723c751e8b465ee728b)
Start importing Assets/Store/FireFireWeapon/LightMG/Pistol30 using Guid(882ee8b5de8f2c34c824de47fccace60) Importer(815301076,1909f56bfc062723c751e8b465ee728b)  -> (artifact id: 'e139b87d539ef9663247bd4dfbf5d920') in 0.001260 seconds
Number of updated asset objects reloaded before import = 0
Number of asset objects unloaded after import = 0
========================================================================
Received Import Request.
  Time since last request: 0.086502 seconds.
  path: Assets/Store/FireFireWeapon/LightMG/Pistol30/Pistol30.prefab
  artifactKey: Guid(689a13b7fa63d7e45a9ca0897047f29e) Importer(815301076,1909f56bfc062723c751e8b465ee728b)
Start importing Assets/Store/FireFireWeapon/LightMG/Pistol30/Pistol30.prefab using Guid(689a13b7fa63d7e45a9ca0897047f29e) Importer(815301076,1909f56bfc062723c751e8b465ee728b)  -> (artifact id: 'be48f523db4c11a8739099f3aaf6572b') in 0.417642 seconds
Number of updated asset objects reloaded before import = 0
Number of asset objects unloaded after import = 11
========================================================================
Received Import Request.
  Time since last request: 2.329912 seconds.
  path: Assets/Store/FireFireWeapon/LightMG/Pistol28
  artifactKey: Guid(894e5296917672a4e8eff69b6b38467c) Importer(815301076,1909f56bfc062723c751e8b465ee728b)
Start importing Assets/Store/FireFireWeapon/LightMG/Pistol28 using Guid(894e5296917672a4e8eff69b6b38467c) Importer(815301076,1909f56bfc062723c751e8b465ee728b)  -> (artifact id: '3d463b2581c0c1665145f0aa8c8cc1a9') in 0.001042 seconds
Number of updated asset objects reloaded before import = 0
Number of asset objects unloaded after import = 0
========================================================================
Received Import Request.
  Time since last request: 0.119632 seconds.
  path: Assets/Store/FireFireWeapon/LightMG/Pistol28/Pistol28.prefab
  artifactKey: Guid(9bb7bf8080358e349b16f477ea2a65e4) Importer(815301076,1909f56bfc062723c751e8b465ee728b)
Start importing Assets/Store/FireFireWeapon/LightMG/Pistol28/Pistol28.prefab using Guid(9bb7bf8080358e349b16f477ea2a65e4) Importer(815301076,1909f56bfc062723c751e8b465ee728b)  -> (artifact id: 'b0598c1bdf957280a3fd36e86725df81') in 0.036624 seconds
Number of updated asset objects reloaded before import = 0
Number of asset objects unloaded after import = 11
========================================================================
Received Prepare
Begin MonoManager ReloadAssembly
Symbol file LoadedFromMemory doesn't match image C:\Users\J\OneDrive\Documents\Unity\Unity\Projects\GamJamsM\SpaceGame\SpaceGameJAM\Library\PackageCache\com.unity.visualscripting@1.8.0\Editor\VisualScripting.Core\Dependencies\YamlDotNet\Unity.VisualScripting.YamlDotNet.dll
Symbol file LoadedFromMemory doesn't match image C:\Users\J\OneDrive\Documents\Unity\Unity\Projects\GamJamsM\SpaceGame\SpaceGameJAM\Library\PackageCache\com.unity.visualscripting@1.8.0\Editor\VisualScripting.Core\Dependencies\DotNetZip\Unity.VisualScripting.IonicZip.dll
- Loaded All Assemblies, in  5.558 seconds
Refreshing native plugins compatible for Editor in 13.46 ms, found 3 plugins.
Native extension for WindowsStandalone target not found
[Package Manager] Server::EnsureServerProcessIsRunning -- launch failed, reason: Unity was launched with the -noUpm command-line argument
[Package Manager] UpmClient::Send -- Unable to send message (not connected to UPM process).
[Package Manager] Cannot connect to Unity Package Manager local server
Mono: successfully reloaded assembly
- Finished resetting the current domain, in  3.551 seconds
Domain Reload Profiling: 9104ms
	BeginReloadAssembly (1362ms)
		ExecutionOrderSort (0ms)
		DisableScriptedObjects (68ms)
		BackupInstance (0ms)
		ReleaseScriptingObjects (2ms)
		CreateAndSetChildDomain (748ms)
	RebuildCommonClasses (281ms)
	RebuildNativeTypeToScriptingClass (20ms)
	initialDomainReloadingComplete (287ms)
	LoadAllAssembliesAndSetupDomain (3601ms)
		LoadAssemblies (2566ms)
		RebuildTransferFunctionScriptingTraits (0ms)
		AnalyzeDomain (1267ms)
			TypeCache.Refresh (1227ms)
				TypeCache.ScanAssembly (914ms)
			ScanForSourceGeneratedMonoScriptInfo (34ms)
			ResolveRequiredComponents (6ms)
	FinalizeReload (3552ms)
		ReleaseScriptCaches (0ms)
		RebuildScriptCaches (0ms)
		SetupLoadedEditorAssemblies (894ms)
			LogAssemblyErrors (0ms)
			InitializePlatformSupportModulesInManaged (22ms)
			SetLoadedEditorAssemblies (15ms)
			RefreshPlugins (0ms)
			BeforeProcessingInitializeOnLoad (104ms)
			ProcessInitializeOnLoadAttributes (708ms)
			ProcessInitializeOnLoadMethodAttributes (37ms)
			AfterProcessingInitializeOnLoad (8ms)
			EditorAssembliesLoaded (1ms)
		ExecutionOrderSort2 (0ms)
		AwakeInstancesAfterBackupRestoration (15ms)
Refreshing native plugins compatible for Editor in 6.54 ms, found 3 plugins.
Preloading 0 native plugins for Editor in 0.00 ms.
Unloading 3089 Unused Serialized files (Serialized files now loaded: 0)
Unloading 28 unused Assets / (1.0 MB). Loaded Objects now: 3568.
Memory consumption went from 123.7 MB to 122.7 MB.
Total: 10.831800 ms (FindLiveObjects: 0.241500 ms CreateObjectMapping: 0.107300 ms MarkObjects: 9.306400 ms  DeleteObjects: 1.174400 ms)

Prepare: number of updated asset objects reloaded= 0
AssetImportParameters requested are different than current active one (requested -> active):
  custom:container-demuxer-ogg: 62fdf1f143b41e24485cea50d1cbac27 -> 
  custom:video-codec-MediaFoundation-h265: 746d11721c4dcdbdad8f713fa42b33f4 -> 
  custom:video-decoder-ogg-theora: a1e56fd34408186e4bbccfd4996cb3dc -> 
  custom:framework-win-MediaFoundation: 216162199b28c13a410421893ffa2e32 -> 
  custom:CustomObjectIndexerAttribute: 756ad292c208cfabdd7b50bc23989ffe -> 
  custom:container-demuxer-webm: 4f35f7cbe854078d1ac9338744f61a02 -> 
  custom:container-muxer-webm: aa71ff27fc2769a1b78a27578f13a17b -> 
  custom:video-decoder-webm-vp8: 9c59270c3fd7afecdb556c50c9e8de78 -> 
  custom:AudioImporter_EditorPlatform: d09bf68614088b80899f8185d706f6e7 -> 
  custom:video-encoder-webm-vp8: eb34c28f22e8b96e1ab97ce403110664 -> 
  custom:audio-decoder-ogg-vorbis: bf7c407c2cedff20999df2af8eb42d56 -> 
  custom:audio-encoder-webm-vorbis: bf7c407c2cedff20999df2af8eb42d56 -> 
========================================================================
Received Import Request.
  Time since last request: 161.595891 seconds.
  path: Assets/ModularFirstPersonController
  artifactKey: Guid(b80d3328d9831c7459a191837d30d0c7) Importer(815301076,1909f56bfc062723c751e8b465ee728b)
Start importing Assets/ModularFirstPersonController using Guid(b80d3328d9831c7459a191837d30d0c7) Importer(815301076,1909f56bfc062723c751e8b465ee728b)  -> (artifact id: '438fffa6b9253e2948814eaf41727b67') in 0.006148 seconds
Number of updated asset objects reloaded before import = 0
Number of asset objects unloaded after import = 0
========================================================================
Received Import Request.
  Time since last request: 4.100097 seconds.
  path: Assets/Sci Fi Modular Pack
  artifactKey: Guid(95f20ef12e425b241b2c3f9d9beafeea) Importer(815301076,1909f56bfc062723c751e8b465ee728b)
Start importing Assets/Sci Fi Modular Pack using Guid(95f20ef12e425b241b2c3f9d9beafeea) Importer(815301076,1909f56bfc062723c751e8b465ee728b)  -> (artifact id: 'a6fc446a91ab246b4eb7f0d0772444a3') in 0.000755 seconds
Number of updated asset objects reloaded before import = 0
Number of asset objects unloaded after import = 0
========================================================================
Received Import Request.
  Time since last request: 2.134537 seconds.
  path: Assets/VolumetricLines
  artifactKey: Guid(95941aecab1f92841927f3b5ea1d947c) Importer(815301076,1909f56bfc062723c751e8b465ee728b)
Start importing Assets/VolumetricLines using Guid(95941aecab1f92841927f3b5ea1d947c) Importer(815301076,1909f56bfc062723c751e8b465ee728b)  -> (artifact id: '497bb5d74273d61a1b7d8f442f7703a1') in 0.000589 seconds
Number of updated asset objects reloaded before import = 0
Number of asset objects unloaded after import = 0
========================================================================
Received Import Request.
  Time since last request: 1.700325 seconds.
  path: Assets/VolumetricLines/BuiltInRenderPipeline
  artifactKey: Guid(c8e363cd77bc5b244ade87db01ecf3f8) Importer(815301076,1909f56bfc062723c751e8b465ee728b)
Start importing Assets/VolumetricLines/BuiltInRenderPipeline using Guid(c8e363cd77bc5b244ade87db01ecf3f8) Importer(815301076,1909f56bfc062723c751e8b465ee728b)  -> (artifact id: '95f2c27961aedac73f8ff640bc728486') in 0.001106 seconds
Number of updated asset objects reloaded before import = 0
Number of asset objects unloaded after import = 0
========================================================================
Received Import Request.
  Time since last request: 1.207637 seconds.
  path: Assets/VolumetricLines/BuiltInRenderPipeline/Prefabs
  artifactKey: Guid(ce99dc68aa30d104292694c9c24ee6a0) Importer(815301076,1909f56bfc062723c751e8b465ee728b)
Start importing Assets/VolumetricLines/BuiltInRenderPipeline/Prefabs using Guid(ce99dc68aa30d104292694c9c24ee6a0) Importer(815301076,1909f56bfc062723c751e8b465ee728b)  -> (artifact id: '2c39aa30b46b8571a55d2b2261bc0711') in 0.001125 seconds
Number of updated asset objects reloaded before import = 0
Number of asset objects unloaded after import = 0
========================================================================
Received Import Request.
  Time since last request: 0.051271 seconds.
  path: Assets/VolumetricLines/BuiltInRenderPipeline/Prefabs/LineStrip-LightSaber.prefab
  artifactKey: Guid(158489636c6d50d4290c11b03aa00742) Importer(815301076,1909f56bfc062723c751e8b465ee728b)
Start importing Assets/VolumetricLines/BuiltInRenderPipeline/Prefabs/LineStrip-LightSaber.prefab using Guid(158489636c6d50d4290c11b03aa00742) Importer(815301076,1909f56bfc062723c751e8b465ee728b)  -> (artifact id: 'd15f3403a2cbd69abdc212609e81aa39') in 0.046356 seconds
Number of updated asset objects reloaded before import = 0
Number of asset objects unloaded after import = 9
========================================================================
Received Import Request.
  Time since last request: 0.018362 seconds.
  path: Assets/VolumetricLines/BuiltInRenderPipeline/Prefabs/SingleLine-TextureAdditive.prefab
  artifactKey: Guid(66e0018a9e63c4348b7a340890e5b30c) Importer(815301076,1909f56bfc062723c751e8b465ee728b)
Start importing Assets/VolumetricLines/BuiltInRenderPipeline/Prefabs/SingleLine-TextureAdditive.prefab using Guid(66e0018a9e63c4348b7a340890e5b30c) Importer(815301076,1909f56bfc062723c751e8b465ee728b)  -> (artifact id: '8bcb6c107668c44e2210f7dff587b064') in 0.012564 seconds
Number of updated asset objects reloaded before import = 0
Number of asset objects unloaded after import = 9
========================================================================
Received Import Request.
  Time since last request: 0.000024 seconds.
  path: Assets/VolumetricLines/BuiltInRenderPipeline/Prefabs/SingleLine-TextureAlphaBlended.prefab
  artifactKey: Guid(6ffb6552b370d4049ada03898e7874ae) Importer(815301076,1909f56bfc062723c751e8b465ee728b)
Start importing Assets/VolumetricLines/BuiltInRenderPipeline/Prefabs/SingleLine-TextureAlphaBlended.prefab using Guid(6ffb6552b370d4049ada03898e7874ae) Importer(815301076,1909f56bfc062723c751e8b465ee728b)  -> (artifact id: '44e8c867aa04b9ffdbba0090b7704aa0') in 0.007677 seconds
Number of updated asset objects reloaded before import = 0
Number of asset objects unloaded after import = 9
========================================================================
Received Import Request.
  Time since last request: 0.000031 seconds.
  path: Assets/VolumetricLines/BuiltInRenderPipeline/Prefabs/LineStrip-TextureAlphaBlended.prefab
  artifactKey: Guid(7cc673f285fd4a54ba1203712a32a67e) Importer(815301076,1909f56bfc062723c751e8b465ee728b)
Start importing Assets/VolumetricLines/BuiltInRenderPipeline/Prefabs/LineStrip-TextureAlphaBlended.prefab using Guid(7cc673f285fd4a54ba1203712a32a67e) Importer(815301076,1909f56bfc062723c751e8b465ee728b)  -> (artifact id: '6c621d3da87a43feb2c38bcc2e51cd5c') in 0.007486 seconds
Number of updated asset objects reloaded before import = 0
Number of asset objects unloaded after import = 9
Editor requested this worker to shutdown with reason: Scaling down because of idle timeout
TcpMessagingSession - receive error: operation aborted. errorcode: 995, details: The I/O operation has been aborted because of either a thread exit or an application request.
AssetImportWorker is now disconnected from the server
Process exiting
Exiting without the bug reporter. Application will terminate with return code 0